[2019-08-22 10:06:10,269] ERROR {org.ballerinalang.net.jms.JmsUtils} - Error while connecting to broker. 
javax.jms.JMSException: Could not connect to broker URL: tcp://localhost:61616. Reason: java.net.ConnectException: Connection refused: connect
	at org.apache.activemq.util.JMSExceptionSupport.create(JMSExceptionSupport.java:36)
	at org.apache.activemq.ActiveMQConnectionFactory.createActiveMQConnection(ActiveMQConnectionFactory.java:301)
	at org.apache.activemq.ActiveMQConnectionFactory.createActiveMQConnection(ActiveMQConnectionFactory.java:246)
	at org.apache.activemq.ActiveMQConnectionFactory.createConnection(ActiveMQConnectionFactory.java:186)
	at org.ballerinalang.net.jms.JmsUtils.createConnection(JmsUtils.java:128)
	at org.ballerinalang.net.jms.nativeimpl.endpoint.connection.CreateConnection.execute(CreateConnection.java:60)
	at org.ballerinalang.bre.bvm.BVM.invokeNativeCallable(BVM.java:896)
	at org.ballerinalang.bre.bvm.BVM.invokeCallable(BVM.java:858)
	at org.ballerinalang.bre.bvm.BVM.invokeVirtualFunction(BVM.java:3348)
	at org.ballerinalang.bre.bvm.BVM.execute(BVM.java:428)
	at org.ballerinalang.bre.bvm.BVMScheduler.execute(BVMScheduler.java:72)
	at org.ballerinalang.bre.bvm.BVMExecutor.execute(BVMExecutor.java:184)
	at org.ballerinalang.bre.bvm.BVMExecutor.invokePackageInitFunctions(BVMExecutor.java:267)
	at org.ballerinalang.bre.bvm.BVMExecutor.initProgramFile(BVMExecutor.java:61)
	at org.ballerinalang.BLangProgramRunner.runService(BLangProgramRunner.java:53)
	at org.ballerinalang.launcher.LauncherUtils.runServices(LauncherUtils.java:147)
	at org.ballerinalang.launcher.LauncherUtils.runBal(LauncherUtils.java:411)
	at org.ballerinalang.launcher.LauncherUtils.runProgram(LauncherUtils.java:106)
	at org.ballerinalang.launcher.Main$RunCmd.execute(Main.java:267)
	at java.util.Optional.ifPresent(Optional.java:159)
	at org.ballerinalang.launcher.Main.main(Main.java:63)
Caused by: java.net.ConnectException: Connection refused: connect
	at java.net.DualStackPlainSocketImpl.waitForConnect(Native Method)
	at java.net.DualStackPlainSocketImpl.socketConnect(DualStackPlainSocketImpl.java:85)
	at java.net.AbstractPlainSocketImpl.doConnect(AbstractPlainSocketImpl.java:350)
	at java.net.AbstractPlainSocketImpl.connectToAddress(AbstractPlainSocketImpl.java:206)
	at java.net.AbstractPlainSocketImpl.connect(AbstractPlainSocketImpl.java:188)
	at java.net.PlainSocketImpl.connect(PlainSocketImpl.java:172)
	at java.net.SocksSocketImpl.connect(SocksSocketImpl.java:392)
	at java.net.Socket.connect(Socket.java:589)
	at org.apache.activemq.transport.tcp.TcpTransport.connect(TcpTransport.java:496)
	at org.apache.activemq.transport.tcp.TcpTransport.doStart(TcpTransport.java:459)
	at org.apache.activemq.util.ServiceSupport.start(ServiceSupport.java:55)
	at org.apache.activemq.transport.AbstractInactivityMonitor.start(AbstractInactivityMonitor.java:138)
	at org.apache.activemq.transport.TransportFilter.start(TransportFilter.java:58)
	at org.apache.activemq.transport.WireFormatNegotiator.start(WireFormatNegotiator.java:72)
	at org.apache.activemq.transport.TransportFilter.start(TransportFilter.java:58)
	at org.apache.activemq.transport.TransportFilter.start(TransportFilter.java:58)
	at org.apache.activemq.ActiveMQConnectionFactory.createActiveMQConnection(ActiveMQConnectionFactory.java:281)
	... 19 more
 
[2019-08-22 10:28:21,697] ERROR {org.ballerinalang.net.jms.utils.BallerinaAdapter} - Error occurred while starting connection. 
javax.jms.JMSException: Cannot send, channel has already failed: tcp://127.0.0.1:61616
	at org.apache.activemq.util.JMSExceptionSupport.create(JMSExceptionSupport.java:72)
	at org.apache.activemq.ActiveMQConnection.syncSendPacket(ActiveMQConnection.java:1421)
	at org.apache.activemq.ActiveMQConnection.ensureConnectionInfoSent(ActiveMQConnection.java:1486)
	at org.apache.activemq.ActiveMQConnection.start(ActiveMQConnection.java:527)
	at org.ballerinalang.net.jms.nativeimpl.endpoint.connection.CreateConnection.execute(CreateConnection.java:63)
	at org.ballerinalang.bre.bvm.BVM.invokeNativeCallable(BVM.java:896)
	at org.ballerinalang.bre.bvm.BVM.invokeCallable(BVM.java:858)
	at org.ballerinalang.bre.bvm.BVM.invokeVirtualFunction(BVM.java:3348)
	at org.ballerinalang.bre.bvm.BVM.execute(BVM.java:428)
	at org.ballerinalang.bre.bvm.BVMScheduler.execute(BVMScheduler.java:72)
	at org.ballerinalang.bre.bvm.BVMExecutor.execute(BVMExecutor.java:184)
	at org.ballerinalang.bre.bvm.BVMExecutor.invokePackageInitFunctions(BVMExecutor.java:267)
	at org.ballerinalang.bre.bvm.BVMExecutor.initProgramFile(BVMExecutor.java:61)
	at org.ballerinalang.BLangProgramRunner.runService(BLangProgramRunner.java:53)
	at org.ballerinalang.launcher.LauncherUtils.runServices(LauncherUtils.java:147)
	at org.ballerinalang.launcher.LauncherUtils.runBal(LauncherUtils.java:411)
	at org.ballerinalang.launcher.LauncherUtils.runProgram(LauncherUtils.java:106)
	at org.ballerinalang.launcher.Main$RunCmd.execute(Main.java:267)
	at java.util.Optional.ifPresent(Optional.java:159)
	at org.ballerinalang.launcher.Main.main(Main.java:63)
Caused by: org.apache.activemq.transport.InactivityIOException: Cannot send, channel has already failed: tcp://127.0.0.1:61616
	at org.apache.activemq.transport.AbstractInactivityMonitor.doOnewaySend(AbstractInactivityMonitor.java:328)
	at org.apache.activemq.transport.AbstractInactivityMonitor.oneway(AbstractInactivityMonitor.java:317)
	at org.apache.activemq.transport.TransportFilter.oneway(TransportFilter.java:94)
	at org.apache.activemq.transport.WireFormatNegotiator.oneway(WireFormatNegotiator.java:116)
	at org.apache.activemq.transport.MutexTransport.oneway(MutexTransport.java:68)
	at org.apache.activemq.transport.ResponseCorrelator.asyncRequest(ResponseCorrelator.java:81)
	at org.apache.activemq.transport.ResponseCorrelator.request(ResponseCorrelator.java:86)
	at org.apache.activemq.ActiveMQConnection.syncSendPacket(ActiveMQConnection.java:1392)
	... 18 more
 
[2019-08-22 10:28:21,698] ERROR {org.ballerinalang.net.jms.LoggingExceptionListener} - Connection exception received. 
javax.jms.JMSException: Unexpected error occurred: java.lang.NoClassDefFoundError: org/fusesource/hawtbuf/UTF8Buffer
	at org.apache.activemq.util.JMSExceptionSupport.create(JMSExceptionSupport.java:54)
	at org.apache.activemq.ActiveMQConnection.onAsyncException(ActiveMQConnection.java:1960)
	at org.apache.activemq.ActiveMQConnection.onException(ActiveMQConnection.java:1979)
	at org.apache.activemq.transport.TransportFilter.onException(TransportFilter.java:114)
	at org.apache.activemq.transport.ResponseCorrelator.onException(ResponseCorrelator.java:126)
	at org.apache.activemq.transport.TransportFilter.onException(TransportFilter.java:114)
	at org.apache.activemq.transport.TransportFilter.onException(TransportFilter.java:114)
	at org.apache.activemq.transport.WireFormatNegotiator.onException(WireFormatNegotiator.java:173)
	at org.apache.activemq.transport.AbstractInactivityMonitor.onException(AbstractInactivityMonitor.java:345)
	at org.apache.activemq.transport.TransportSupport.onException(TransportSupport.java:96)
	at org.apache.activemq.transport.tcp.TcpTransport.run(TcpTransport.java:224)
	at java.lang.Thread.run(Thread.java:748)
Caused by: java.io.IOException: Unexpected error occurred: java.lang.NoClassDefFoundError: org/fusesource/hawtbuf/UTF8Buffer
	at org.apache.activemq.transport.tcp.TcpTransport.run(TcpTransport.java:222)
	... 1 more
Caused by: java.lang.NoClassDefFoundError: org/fusesource/hawtbuf/UTF8Buffer
	at org.apache.activemq.util.MarshallingSupport.readUTF(MarshallingSupport.java:229)
	at org.apache.activemq.util.MarshallingSupport.unmarshalPrimitive(MarshallingSupport.java:200)
	at org.apache.activemq.util.MarshallingSupport.unmarshalPrimitiveMap(MarshallingSupport.java:98)
	at org.apache.activemq.util.MarshallingSupport.unmarshalPrimitiveMap(MarshallingSupport.java:78)
	at org.apache.activemq.command.WireFormatInfo.unmarsallProperties(WireFormatInfo.java:177)
	at org.apache.activemq.command.WireFormatInfo.getProperty(WireFormatInfo.java:139)
	at org.apache.activemq.command.WireFormatInfo.getMaxInactivityDuration(WireFormatInfo.java:283)
	at org.apache.activemq.transport.InactivityMonitor.configuredOk(InactivityMonitor.java:106)
	at org.apache.activemq.transport.AbstractInactivityMonitor.startMonitorThreads(AbstractInactivityMonitor.java:448)
	at org.apache.activemq.transport.InactivityMonitor.startMonitorThreads(InactivityMonitor.java:88)
	at org.apache.activemq.transport.InactivityMonitor.processInboundWireFormatInfo(InactivityMonitor.java:61)
	at org.apache.activemq.transport.AbstractInactivityMonitor.onCommand(AbstractInactivityMonitor.java:294)
	at org.apache.activemq.transport.TransportSupport.doConsume(TransportSupport.java:83)
	at org.apache.activemq.transport.tcp.TcpTransport.doRun(TcpTransport.java:233)
	at org.apache.activemq.transport.tcp.TcpTransport.run(TcpTransport.java:215)
	... 1 more
Caused by: java.lang.ClassNotFoundException: org.fusesource.hawtbuf.UTF8Buffer
	at java.net.URLClassLoader.findClass(URLClassLoader.java:382)
	at java.lang.ClassLoader.loadClass(ClassLoader.java:424)
	at sun.misc.Launcher$AppClassLoader.loadClass(Launcher.java:349)
	at java.lang.ClassLoader.loadClass(ClassLoader.java:357)
	... 16 more
 
[2019-08-22 10:32:56,363] ERROR {org.ballerinalang.net.jms.utils.BallerinaAdapter} - Error occurred while starting connection. 
javax.jms.JMSException: Disposed due to prior exception
	at org.apache.activemq.util.JMSExceptionSupport.create(JMSExceptionSupport.java:72)
	at org.apache.activemq.ActiveMQConnection.syncSendPacket(ActiveMQConnection.java:1421)
	at org.apache.activemq.ActiveMQConnection.ensureConnectionInfoSent(ActiveMQConnection.java:1486)
	at org.apache.activemq.ActiveMQConnection.start(ActiveMQConnection.java:527)
	at org.ballerinalang.net.jms.nativeimpl.endpoint.connection.CreateConnection.execute(CreateConnection.java:63)
	at org.ballerinalang.bre.bvm.BVM.invokeNativeCallable(BVM.java:896)
	at org.ballerinalang.bre.bvm.BVM.invokeCallable(BVM.java:858)
	at org.ballerinalang.bre.bvm.BVM.invokeVirtualFunction(BVM.java:3348)
	at org.ballerinalang.bre.bvm.BVM.execute(BVM.java:428)
	at org.ballerinalang.bre.bvm.BVMScheduler.execute(BVMScheduler.java:72)
	at org.ballerinalang.bre.bvm.BVMExecutor.execute(BVMExecutor.java:184)
	at org.ballerinalang.bre.bvm.BVMExecutor.invokePackageInitFunctions(BVMExecutor.java:267)
	at org.ballerinalang.bre.bvm.BVMExecutor.initProgramFile(BVMExecutor.java:61)
	at org.ballerinalang.BLangProgramRunner.runService(BLangProgramRunner.java:53)
	at org.ballerinalang.launcher.LauncherUtils.runServices(LauncherUtils.java:147)
	at org.ballerinalang.launcher.LauncherUtils.runBal(LauncherUtils.java:411)
	at org.ballerinalang.launcher.LauncherUtils.runProgram(LauncherUtils.java:106)
	at org.ballerinalang.launcher.Main$RunCmd.execute(Main.java:267)
	at java.util.Optional.ifPresent(Optional.java:159)
	at org.ballerinalang.launcher.Main.main(Main.java:63)
Caused by: org.apache.activemq.transport.TransportDisposedIOException: Disposed due to prior exception
	at org.apache.activemq.transport.ResponseCorrelator.onException(ResponseCorrelator.java:125)
	at org.apache.activemq.transport.TransportFilter.onException(TransportFilter.java:114)
	at org.apache.activemq.transport.TransportFilter.onException(TransportFilter.java:114)
	at org.apache.activemq.transport.WireFormatNegotiator.onException(WireFormatNegotiator.java:173)
	at org.apache.activemq.transport.AbstractInactivityMonitor.onException(AbstractInactivityMonitor.java:345)
	at org.apache.activemq.transport.TransportSupport.onException(TransportSupport.java:96)
	at org.apache.activemq.transport.tcp.TcpTransport.run(TcpTransport.java:224)
	at java.lang.Thread.run(Thread.java:748)
Caused by: java.io.IOException: Unexpected error occurred: java.lang.NoClassDefFoundError: org/fusesource/hawtbuf/UTF8Buffer
	at org.apache.activemq.transport.tcp.TcpTransport.run(TcpTransport.java:222)
	... 1 more
Caused by: java.lang.NoClassDefFoundError: org/fusesource/hawtbuf/UTF8Buffer
	at org.apache.activemq.util.MarshallingSupport.readUTF(MarshallingSupport.java:229)
	at org.apache.activemq.util.MarshallingSupport.unmarshalPrimitive(MarshallingSupport.java:200)
	at org.apache.activemq.util.MarshallingSupport.unmarshalPrimitiveMap(MarshallingSupport.java:98)
	at org.apache.activemq.util.MarshallingSupport.unmarshalPrimitiveMap(MarshallingSupport.java:78)
	at org.apache.activemq.command.WireFormatInfo.unmarsallProperties(WireFormatInfo.java:177)
	at org.apache.activemq.command.WireFormatInfo.getProperty(WireFormatInfo.java:139)
	at org.apache.activemq.command.WireFormatInfo.getMaxInactivityDuration(WireFormatInfo.java:283)
	at org.apache.activemq.transport.InactivityMonitor.configuredOk(InactivityMonitor.java:106)
	at org.apache.activemq.transport.AbstractInactivityMonitor.startMonitorThreads(AbstractInactivityMonitor.java:448)
	at org.apache.activemq.transport.InactivityMonitor.startMonitorThreads(InactivityMonitor.java:88)
	at org.apache.activemq.transport.InactivityMonitor.processInboundWireFormatInfo(InactivityMonitor.java:61)
	at org.apache.activemq.transport.AbstractInactivityMonitor.onCommand(AbstractInactivityMonitor.java:294)
	at org.apache.activemq.transport.TransportSupport.doConsume(TransportSupport.java:83)
	at org.apache.activemq.transport.tcp.TcpTransport.doRun(TcpTransport.java:233)
	at org.apache.activemq.transport.tcp.TcpTransport.run(TcpTransport.java:215)
	... 1 more
Caused by: java.lang.ClassNotFoundException: org.fusesource.hawtbuf.UTF8Buffer
	at java.net.URLClassLoader.findClass(URLClassLoader.java:382)
	at java.lang.ClassLoader.loadClass(ClassLoader.java:424)
	at sun.misc.Launcher$AppClassLoader.loadClass(Launcher.java:349)
	at java.lang.ClassLoader.loadClass(ClassLoader.java:357)
	... 16 more
 
[2019-08-22 10:32:56,365] ERROR {org.ballerinalang.net.jms.LoggingExceptionListener} - Connection exception received. 
javax.jms.JMSException: Unexpected error occurred: java.lang.NoClassDefFoundError: org/fusesource/hawtbuf/UTF8Buffer
	at org.apache.activemq.util.JMSExceptionSupport.create(JMSExceptionSupport.java:54)
	at org.apache.activemq.ActiveMQConnection.onAsyncException(ActiveMQConnection.java:1960)
	at org.apache.activemq.ActiveMQConnection.onException(ActiveMQConnection.java:1979)
	at org.apache.activemq.transport.TransportFilter.onException(TransportFilter.java:114)
	at org.apache.activemq.transport.ResponseCorrelator.onException(ResponseCorrelator.java:126)
	at org.apache.activemq.transport.TransportFilter.onException(TransportFilter.java:114)
	at org.apache.activemq.transport.TransportFilter.onException(TransportFilter.java:114)
	at org.apache.activemq.transport.WireFormatNegotiator.onException(WireFormatNegotiator.java:173)
	at org.apache.activemq.transport.AbstractInactivityMonitor.onException(AbstractInactivityMonitor.java:345)
	at org.apache.activemq.transport.TransportSupport.onException(TransportSupport.java:96)
	at org.apache.activemq.transport.tcp.TcpTransport.run(TcpTransport.java:224)
	at java.lang.Thread.run(Thread.java:748)
Caused by: java.io.IOException: Unexpected error occurred: java.lang.NoClassDefFoundError: org/fusesource/hawtbuf/UTF8Buffer
	at org.apache.activemq.transport.tcp.TcpTransport.run(TcpTransport.java:222)
	... 1 more
Caused by: java.lang.NoClassDefFoundError: org/fusesource/hawtbuf/UTF8Buffer
	at org.apache.activemq.util.MarshallingSupport.readUTF(MarshallingSupport.java:229)
	at org.apache.activemq.util.MarshallingSupport.unmarshalPrimitive(MarshallingSupport.java:200)
	at org.apache.activemq.util.MarshallingSupport.unmarshalPrimitiveMap(MarshallingSupport.java:98)
	at org.apache.activemq.util.MarshallingSupport.unmarshalPrimitiveMap(MarshallingSupport.java:78)
	at org.apache.activemq.command.WireFormatInfo.unmarsallProperties(WireFormatInfo.java:177)
	at org.apache.activemq.command.WireFormatInfo.getProperty(WireFormatInfo.java:139)
	at org.apache.activemq.command.WireFormatInfo.getMaxInactivityDuration(WireFormatInfo.java:283)
	at org.apache.activemq.transport.InactivityMonitor.configuredOk(InactivityMonitor.java:106)
	at org.apache.activemq.transport.AbstractInactivityMonitor.startMonitorThreads(AbstractInactivityMonitor.java:448)
	at org.apache.activemq.transport.InactivityMonitor.startMonitorThreads(InactivityMonitor.java:88)
	at org.apache.activemq.transport.InactivityMonitor.processInboundWireFormatInfo(InactivityMonitor.java:61)
	at org.apache.activemq.transport.AbstractInactivityMonitor.onCommand(AbstractInactivityMonitor.java:294)
	at org.apache.activemq.transport.TransportSupport.doConsume(TransportSupport.java:83)
	at org.apache.activemq.transport.tcp.TcpTransport.doRun(TcpTransport.java:233)
	at org.apache.activemq.transport.tcp.TcpTransport.run(TcpTransport.java:215)
	... 1 more
Caused by: java.lang.ClassNotFoundException: org.fusesource.hawtbuf.UTF8Buffer
	at java.net.URLClassLoader.findClass(URLClassLoader.java:382)
	at java.lang.ClassLoader.loadClass(ClassLoader.java:424)
	at sun.misc.Launcher$AppClassLoader.loadClass(Launcher.java:349)
	at java.lang.ClassLoader.loadClass(ClassLoader.java:357)
	... 16 more
 
[2019-08-22 10:33:32,207] ERROR {org.ballerinalang.net.jms.utils.BallerinaAdapter} - Error occurred while starting connection. 
javax.jms.JMSException: Disposed due to prior exception
	at org.apache.activemq.util.JMSExceptionSupport.create(JMSExceptionSupport.java:72)
	at org.apache.activemq.ActiveMQConnection.syncSendPacket(ActiveMQConnection.java:1421)
	at org.apache.activemq.ActiveMQConnection.ensureConnectionInfoSent(ActiveMQConnection.java:1486)
	at org.apache.activemq.ActiveMQConnection.start(ActiveMQConnection.java:527)
	at org.ballerinalang.net.jms.nativeimpl.endpoint.connection.CreateConnection.execute(CreateConnection.java:63)
	at org.ballerinalang.bre.bvm.BVM.invokeNativeCallable(BVM.java:896)
	at org.ballerinalang.bre.bvm.BVM.invokeCallable(BVM.java:858)
	at org.ballerinalang.bre.bvm.BVM.invokeVirtualFunction(BVM.java:3348)
	at org.ballerinalang.bre.bvm.BVM.execute(BVM.java:428)
	at org.ballerinalang.bre.bvm.BVMScheduler.execute(BVMScheduler.java:72)
	at org.ballerinalang.bre.bvm.BVMExecutor.execute(BVMExecutor.java:184)
	at org.ballerinalang.bre.bvm.BVMExecutor.invokePackageInitFunctions(BVMExecutor.java:267)
	at org.ballerinalang.bre.bvm.BVMExecutor.initProgramFile(BVMExecutor.java:61)
	at org.ballerinalang.BLangProgramRunner.runService(BLangProgramRunner.java:53)
	at org.ballerinalang.launcher.LauncherUtils.runServices(LauncherUtils.java:147)
	at org.ballerinalang.launcher.LauncherUtils.runBal(LauncherUtils.java:411)
	at org.ballerinalang.launcher.LauncherUtils.runProgram(LauncherUtils.java:106)
	at org.ballerinalang.launcher.Main$RunCmd.execute(Main.java:267)
	at java.util.Optional.ifPresent(Optional.java:159)
	at org.ballerinalang.launcher.Main.main(Main.java:63)
Caused by: org.apache.activemq.transport.TransportDisposedIOException: Disposed due to prior exception
	at org.apache.activemq.transport.ResponseCorrelator.onException(ResponseCorrelator.java:125)
	at org.apache.activemq.transport.TransportFilter.onException(TransportFilter.java:114)
	at org.apache.activemq.transport.TransportFilter.onException(TransportFilter.java:114)
	at org.apache.activemq.transport.WireFormatNegotiator.onException(WireFormatNegotiator.java:173)
	at org.apache.activemq.transport.AbstractInactivityMonitor.onException(AbstractInactivityMonitor.java:345)
	at org.apache.activemq.transport.TransportSupport.onException(TransportSupport.java:96)
	at org.apache.activemq.transport.tcp.TcpTransport.run(TcpTransport.java:224)
	at java.lang.Thread.run(Thread.java:748)
Caused by: java.io.IOException: Unexpected error occurred: java.lang.NoClassDefFoundError: org/fusesource/hawtbuf/UTF8Buffer
	at org.apache.activemq.transport.tcp.TcpTransport.run(TcpTransport.java:222)
	... 1 more
Caused by: java.lang.NoClassDefFoundError: org/fusesource/hawtbuf/UTF8Buffer
	at org.apache.activemq.util.MarshallingSupport.readUTF(MarshallingSupport.java:229)
	at org.apache.activemq.util.MarshallingSupport.unmarshalPrimitive(MarshallingSupport.java:200)
	at org.apache.activemq.util.MarshallingSupport.unmarshalPrimitiveMap(MarshallingSupport.java:98)
	at org.apache.activemq.util.MarshallingSupport.unmarshalPrimitiveMap(MarshallingSupport.java:78)
	at org.apache.activemq.command.WireFormatInfo.unmarsallProperties(WireFormatInfo.java:177)
	at org.apache.activemq.command.WireFormatInfo.getProperty(WireFormatInfo.java:139)
	at org.apache.activemq.command.WireFormatInfo.getMaxInactivityDuration(WireFormatInfo.java:283)
	at org.apache.activemq.transport.InactivityMonitor.configuredOk(InactivityMonitor.java:106)
	at org.apache.activemq.transport.AbstractInactivityMonitor.startMonitorThreads(AbstractInactivityMonitor.java:448)
	at org.apache.activemq.transport.InactivityMonitor.startMonitorThreads(InactivityMonitor.java:88)
	at org.apache.activemq.transport.InactivityMonitor.processInboundWireFormatInfo(InactivityMonitor.java:61)
	at org.apache.activemq.transport.AbstractInactivityMonitor.onCommand(AbstractInactivityMonitor.java:294)
	at org.apache.activemq.transport.TransportSupport.doConsume(TransportSupport.java:83)
	at org.apache.activemq.transport.tcp.TcpTransport.doRun(TcpTransport.java:233)
	at org.apache.activemq.transport.tcp.TcpTransport.run(TcpTransport.java:215)
	... 1 more
Caused by: java.lang.ClassNotFoundException: org.fusesource.hawtbuf.UTF8Buffer
	at java.net.URLClassLoader.findClass(URLClassLoader.java:382)
	at java.lang.ClassLoader.loadClass(ClassLoader.java:424)
	at sun.misc.Launcher$AppClassLoader.loadClass(Launcher.java:349)
	at java.lang.ClassLoader.loadClass(ClassLoader.java:357)
	... 16 more
 
[2019-08-22 10:49:29,576] ERROR {org.wso2.transport.http.netty.contractimpl.listener.WebSocketServerHandshakeHandler} - Error during WebSocket server handshake 
java.io.IOException: Connessione in corso interrotta forzatamente dall'host remoto
	at sun.nio.ch.SocketDispatcher.read0(Native Method)
	at sun.nio.ch.SocketDispatcher.read(SocketDispatcher.java:43)
	at sun.nio.ch.IOUtil.readIntoNativeBuffer(IOUtil.java:223)
	at sun.nio.ch.IOUtil.read(IOUtil.java:192)
	at sun.nio.ch.SocketChannelImpl.read(SocketChannelImpl.java:380)
	at io.netty.buffer.PooledUnsafeDirectByteBuf.setBytes(PooledUnsafeDirectByteBuf.java:288)
	at io.netty.buffer.AbstractByteBuf.writeBytes(AbstractByteBuf.java:1125)
	at io.netty.channel.socket.nio.NioSocketChannel.doReadBytes(NioSocketChannel.java:347)
	at io.netty.channel.nio.AbstractNioByteChannel$NioByteUnsafe.read(AbstractNioByteChannel.java:148)
	at io.netty.channel.nio.NioEventLoop.processSelectedKey(NioEventLoop.java:677)
	at io.netty.channel.nio.NioEventLoop.processSelectedKeysOptimized(NioEventLoop.java:612)
	at io.netty.channel.nio.NioEventLoop.processSelectedKeys(NioEventLoop.java:529)
	at io.netty.channel.nio.NioEventLoop.run(NioEventLoop.java:491)
	at io.netty.util.concurrent.SingleThreadEventExecutor$5.run(SingleThreadEventExecutor.java:905)
	at io.netty.util.concurrent.FastThreadLocalRunnable.run(FastThreadLocalRunnable.java:30)
	at java.lang.Thread.run(Thread.java:748)
 
